Determining if the pthread_create exist failed with the following output:
Change Dir: /home/allen/opensource/apollo_lite/build/CMakeFiles/CMakeTmp

Run Build Command:"/usr/bin/make" "cmTC_599ef/fast"
/usr/bin/make -f CMakeFiles/cmTC_599ef.dir/build.make CMakeFiles/cmTC_599ef.dir/build
make[1]: Entering directory '/home/allen/opensource/apollo_lite/build/CMakeFiles/CMakeTmp'
Building C object CMakeFiles/cmTC_599ef.dir/CheckSymbolExists.c.o
/usr/bin/cc    -o CMakeFiles/cmTC_599ef.dir/CheckSymbolExists.c.o   -c /home/allen/opensource/apollo_lite/build/CMakeFiles/CMakeTmp/CheckSymbolExists.c
Linking C executable cmTC_599ef
/home/allen/cmake-3.12.2-Linux-x86_64/bin/cmake -E cmake_link_script CMakeFiles/cmTC_599ef.dir/link.txt --verbose=1
/usr/bin/cc      CMakeFiles/cmTC_599ef.dir/CheckSymbolExists.c.o  -o cmTC_599ef 
CMakeFiles/cmTC_599ef.dir/CheckSymbolExists.c.o: In function `main':
CheckSymbolExists.c:(.text+0x1b): undefined reference to `pthread_create'
collect2: error: ld returned 1 exit status
CMakeFiles/cmTC_599ef.dir/build.make:86: recipe for target 'cmTC_599ef' failed
make[1]: *** [cmTC_599ef] Error 1
make[1]: Leaving directory '/home/allen/opensource/apollo_lite/build/CMakeFiles/CMakeTmp'
Makefile:121: recipe for target 'cmTC_599ef/fast' failed
make: *** [cmTC_599ef/fast] Error 2

File /home/allen/opensource/apollo_lite/build/CMakeFiles/CMakeTmp/CheckSymbolExists.c:
/* */
#include <pthread.h>

int main(int argc, char** argv)
{
  (void)argv;
#ifndef pthread_create
  return ((int*)(&pthread_create))[argc];
#else
  (void)argc;
  return 0;
#endif
}

Determining if the function pthread_create exists in the pthreads failed with the following output:
Change Dir: /home/allen/opensource/apollo_lite/build/CMakeFiles/CMakeTmp

Run Build Command:"/usr/bin/make" "cmTC_b6f92/fast"
/usr/bin/make -f CMakeFiles/cmTC_b6f92.dir/build.make CMakeFiles/cmTC_b6f92.dir/build
make[1]: Entering directory '/home/allen/opensource/apollo_lite/build/CMakeFiles/CMakeTmp'
Building C object CMakeFiles/cmTC_b6f92.dir/CheckFunctionExists.c.o
/usr/bin/cc   -DCHECK_FUNCTION_EXISTS=pthread_create   -o CMakeFiles/cmTC_b6f92.dir/CheckFunctionExists.c.o   -c /home/allen/cmake-3.12.2-Linux-x86_64/share/cmake-3.12/Modules/CheckFunctionExists.c
Linking C executable cmTC_b6f92
/home/allen/cmake-3.12.2-Linux-x86_64/bin/cmake -E cmake_link_script CMakeFiles/cmTC_b6f92.dir/link.txt --verbose=1
/usr/bin/cc  -DCHECK_FUNCTION_EXISTS=pthread_create    CMakeFiles/cmTC_b6f92.dir/CheckFunctionExists.c.o  -o cmTC_b6f92 -lpthreads 
/usr/bin/ld: cannot find -lpthreads
collect2: error: ld returned 1 exit status
CMakeFiles/cmTC_b6f92.dir/build.make:86: recipe for target 'cmTC_b6f92' failed
make[1]: *** [cmTC_b6f92] Error 1
make[1]: Leaving directory '/home/allen/opensource/apollo_lite/build/CMakeFiles/CMakeTmp'
Makefile:121: recipe for target 'cmTC_b6f92/fast' failed
make: *** [cmTC_b6f92/fast] Error 2


